#
# A fatal error has been detected by the Java Runtime Environment:
#
#  SIGSEGV (0xb) at pc=0x0000000000000000, pid=2249, tid=0x0000000000011b0f
#
# JRE version: OpenJDK Runtime Environment (8.0_202) (build 1.8.0_202-release-1483-b49-5587405)
# Java VM: OpenJDK 64-Bit Server VM (25.202-b49-5587405 mixed mode bsd-amd64 compressed oops)
# Problematic frame:
# C  0x0000000000000000
#
# Failed to write core dump. Core dumps have been disabled. To enable core dumping, try "ulimit -c unlimited" before starting Java again
#
# If you would like to submit a bug report, please visit:
#   http://bugreport.java.com/bugreport/crash.jsp
#

---------------  T H R E A D  ---------------

Current thread is native thread

siginfo: si_signo: 11 (SIGSEGV), si_code: 1 (SEGV_MAPERR), si_addr: 0x0000000000000000

Registers:
RAX=0x00000001263a3508, RBX=0x00000000000161b0, RCX=0x0000000000000010, RDX=0xfffffffffffffff0
RSP=0x000070000379c998, RBP=0x000070000379ca40, RSI=0x0000000000000000, RDI=0x00000001243b7000
R8 =0x0000000000000200, R9 =0x00007fe33ef4a6f0, R10=0x00007fe33f99f430, R11=0x0000000000000020
R12=0x00007fe33ef4a6d0, R13=0x00000001243b7000, R14=0x00007fe33ef4a6f0, R15=0x0000000000000800
RIP=0x0000000000000000, EFLAGS=0x0000000000010246, ERR=0x0000000000000014
  TRAPNO=0x000000000000000e

Top of Stack: (sp=0x000070000379c998)
0x000070000379c998:   0000000126375639 0000000000000000
0x000070000379c9a8:   0000000000000000 00000001243bf1b0
0x000070000379c9b8:   000000012580d000 00000001243bd1b0
0x000070000379c9c8:   0000020000000000 0000000000000000
0x000070000379c9d8:   0000000000000800 0000700000000200
0x000070000379c9e8:   00000001243bb1b0 00000001243b7000
0x000070000379c9f8:   0000020000000000 0000000000000000
0x000070000379ca08:   000000000000037f 23f5e2a67ea70036
0x000070000379ca18:   00007fe33ed8d260 00007fe33ef4a6d0
0x000070000379ca28:   00007fe33ed8d1e0 00007fe33ef4a6f0
0x000070000379ca38:   00007fe33ed8d260 000070000379ca50
0x000070000379ca48:   00000001263852ef 000070000379cad0
0x000070000379ca58:   00000001263c2a3f 0000000000000003
0x000070000379ca68:   00007fe33ed43010 00007fe33f99f200
0x000070000379ca78:   00007fe33ed8d1e0 000002000379cac0
0x000070000379ca88:   00007fe33f99f3f8 000070000379cc18
0x000070000379ca98:   000070000379cc90 0000700000000000
0x000070000379caa8:   000070000379cc90 00007fe33f99f200
0x000070000379cab8:   00007fe33ed42f90 00007fe33eeb8980
0x000070000379cac8:   0000000000000200 000070000379cb20
0x000070000379cad8:   00000001264de587 00007fe33ed8bc4c
0x000070000379cae8:   000070000379cc18 000000000379cbe0
0x000070000379caf8:   0000000000001000 00007fe33f99f200
0x000070000379cb08:   000070000379cc18 0000000000000000
0x000070000379cb18:   0000000000000001 000070000379cbf0
0x000070000379cb28:   00000001264ddce7 00007fe33eeb8980
0x000070000379cb38:   000000012580b0e0 00001fa00379cbc0
0x000070000379cb48:   000070000379cc90 00007fe33ed42f90
0x000070000379cb58:   00007fe33eeb8980 00007fe33f99f200
0x000070000379cb68:   00000200a8000000 3fefffff00009fe0
0x000070000379cb78:   40e7700000000000 00007fe33f99f4e8
0x000070000379cb88:   00007fe33f99f4e8 000070000379cbd0 

Instructions: (pc=0x0000000000000000)
0xffffffffffffffe0:   

Register to memory mapping:

RAX=0x00000001263a3508: PlaybackBackend+0x20 in /var/folders/8m/grhlrtdx0lvd28jymykx62fc0000gn/T/libgdxmaipraskalo/f7649394/openal.dylib at 0x000000012635a000
RBX=0x00000000000161b0 is an unknown value
RCX=0x0000000000000010 is an unknown value
RDX=0xfffffffffffffff0 is an unknown value
RSP=0x000070000379c998 is an unknown value
RBP=0x000070000379ca40 is an unknown value
RSI=0x0000000000000000 is an unknown value
RDI=0x00000001243b7000 is an unknown value
R8 =0x0000000000000200 is an unknown value
R9 =0x00007fe33ef4a6f0 is an unknown value
R10=0x00007fe33f99f430 is an unknown value
R11=0x0000000000000020 is an unknown value
R12=0x00007fe33ef4a6d0 is an unknown value
R13=0x00000001243b7000 is an unknown value
R14=0x00007fe33ef4a6f0 is an unknown value
R15=0x0000000000000800 is an unknown value


Stack: [0x000070000371d000,0x000070000379d000],  sp=0x000070000379c998,  free space=510k

---------------  P R O C E S S  ---------------

VM state:at safepoint (shutting down)

VM Mutex/Monitor currently owned by a thread:  ([mutex/lock_event])
[0x00007fe33ef01660] Threads_lock - owner thread: 0x00007fe34000f000

heap address: 0x0000000780000000, size: 1024 MB, Compressed Oops mode: Zero based, Oop shift amount: 3
Narrow klass base: 0x0000000000000000, Narrow klass shift: 3
Compressed class space size: 1073741824 Address: 0x00000007c0000000

Heap:
 PSYoungGen      total 20480K, used 13626K [0x00000007aab00000, 0x00000007ac380000, 0x00000007c0000000)
  eden space 15872K, 84% used [0x00000007aab00000,0x00000007ab8077f8,0x00000007aba80000)
  from space 4608K, 6% used [0x00000007abf00000,0x00000007abf47120,0x00000007ac380000)
  to   space 4608K, 0% used [0x00000007aba80000,0x00000007aba80000,0x00000007abf00000)
 ParOldGen       total 44032K, used 4470K [0x0000000780000000, 0x0000000782b00000, 0x00000007aab00000)
  object space 44032K, 10% used [0x0000000780000000,0x000000078045d9e8,0x0000000782b00000)
 Metaspace       used 13002K, capacity 13201K, committed 13440K, reserved 1060864K
  class space    used 1276K, capacity 1339K, committed 1408K, reserved 1048576K

Card table byte_map: [0x000000010e5c0000,0x000000010e7c1000] byte_map_base: 0x000000010a9c0000

Marking Bits: (ParMarkBitMap*) 0x000000010d20ff78
 Begin Bits: [0x000000010e917000, 0x000000010f917000)
 End Bits:   [0x000000010f917000, 0x0000000110917000)

Polling page: 0x000000010d8bd000

CodeCache: size=245760Kb used=5705Kb max_used=6074Kb free=240054Kb
 bounds [0x000000011169f000, 0x0000000111cbf000, 0x000000012069f000]
 total_blobs=1944 nmethods=1437 adapters=421
 compilation: enabled

Compilation events (10 events):
Event: 1312.515 Thread 0x00007fe33f882800 1660       4       com.badlogic.gdx.graphics.g2d.GlyphLayout::adjustLastGlyph (79 bytes)
Event: 1312.518 Thread 0x00007fe33f882800 nmethod 1660 0x0000000111a1d710 code [0x0000000111a1d880, 0x0000000111a1dad8]
Event: 1312.531 Thread 0x00007fe340857800 1661       4       com.badlogic.gdx.graphics.g2d.GlyphLayout::setText (1593 bytes)
Event: 1312.614 Thread 0x00007fe33f882800 1662   !   4       com.badlogic.gdx.utils.ReflectionPool::newObject (50 bytes)
Event: 1312.626 Thread 0x00007fe33f882800 nmethod 1662 0x0000000111a3dc10 code [0x0000000111a3de00, 0x0000000111a3e5a8]
Event: 1312.639 Thread 0x00007fe340857800 nmethod 1661 0x0000000111a6a7d0 code [0x0000000111a6ad60, 0x0000000111a6f3e0]
Event: 1326.954 Thread 0x00007fe33f882800 1663       4       com.badlogic.gdx.graphics.g2d.BitmapFontCache::addToCache (323 bytes)
Event: 1327.025 Thread 0x00007fe33f882800 nmethod 1663 0x0000000111b0a690 code [0x0000000111b0a8e0, 0x0000000111b0b698]
Event: 1357.776 Thread 0x00007fe340857800 1664       4       com.mygdx.game.screen01.ScreenGo::render (21 bytes)
Event: 1357.833 Thread 0x00007fe340857800 nmethod 1664 0x00000001117bd790 code [0x00000001117bdc20, 0x00000001117bf6d0]

GC Heap History (10 events):
Event: 929.010 GC heap before
{Heap before GC invocations=12 (full 0):
 PSYoungGen      total 20992K, used 15968K [0x00000007aab00000, 0x00000007ac480000, 0x00000007c0000000)
  eden space 15872K, 100% used [0x00000007aab00000,0x00000007aba80000,0x00000007aba80000)
  from space 5120K, 1% used [0x00000007aba80000,0x00000007aba98000,0x00000007abf80000)
  to   space 5120K, 0% used [0x00000007abf80000,0x00000007abf80000,0x00000007ac480000)
 ParOldGen       total 44032K, used 4430K [0x0000000780000000, 0x0000000782b00000, 0x00000007aab00000)
  object space 44032K, 10% used [0x0000000780000000,0x00000007804539e8,0x0000000782b00000)
 Metaspace       used 12928K, capacity 13073K, committed 13440K, reserved 1060864K
  class space    used 1274K, capacity 1339K, committed 1408K, reserved 1048576K
Event: 929.016 GC heap after
Heap after GC invocations=12 (full 0):
 PSYoungGen      total 20992K, used 96K [0x00000007aab00000, 0x00000007ac480000, 0x00000007c0000000)
  eden space 15872K, 0% used [0x00000007aab00000,0x00000007aab00000,0x00000007aba80000)
  from space 5120K, 1% used [0x00000007abf80000,0x00000007abf98000,0x00000007ac480000)
  to   space 5120K, 0% used [0x00000007aba80000,0x00000007aba80000,0x00000007abf80000)
 ParOldGen       total 44032K, used 4430K [0x0000000780000000, 0x0000000782b00000, 0x00000007aab00000)
  object space 44032K, 10% used [0x0000000780000000,0x00000007804539e8,0x0000000782b00000)
 Metaspace       used 12928K, capacity 13073K, committed 13440K, reserved 1060864K
  class space    used 1274K, capacity 1339K, committed 1408K, reserved 1048576K
}
Event: 1022.774 GC heap before
{Heap before GC invocations=13 (full 0):
 PSYoungGen      total 20992K, used 15968K [0x00000007aab00000, 0x00000007ac480000, 0x00000007c0000000)
  eden space 15872K, 100% used [0x00000007aab00000,0x00000007aba80000,0x00000007aba80000)
  from space 5120K, 1% used [0x00000007abf80000,0x00000007abf98000,0x00000007ac480000)
  to   space 5120K, 0% used [0x00000007aba80000,0x00000007aba80000,0x00000007abf80000)
 ParOldGen       total 44032K, used 4430K [0x0000000780000000, 0x0000000782b00000, 0x00000007aab00000)
  object space 44032K, 10% used [0x0000000780000000,0x00000007804539e8,0x0000000782b00000)
 Metaspace       used 12930K, capacity 13073K, committed 13440K, reserved 1060864K
  class space    used 1274K, capacity 1339K, committed 1408K, reserved 1048576K
Event: 1022.779 GC heap after
Heap after GC invocations=13 (full 0):
 PSYoungGen      total 20992K, used 64K [0x00000007aab00000, 0x00000007ac480000, 0x00000007c0000000)
  eden space 15872K, 0% used [0x00000007aab00000,0x00000007aab00000,0x00000007aba80000)
  from space 5120K, 1% used [0x00000007aba80000,0x00000007aba90000,0x00000007abf80000)
  to   space 5120K, 0% used [0x00000007abf80000,0x00000007abf80000,0x00000007ac480000)
 ParOldGen       total 44032K, used 4438K [0x0000000780000000, 0x0000000782b00000, 0x00000007aab00000)
  object space 44032K, 10% used [0x0000000780000000,0x00000007804559e8,0x0000000782b00000)
 Metaspace       used 12930K, capacity 13073K, committed 13440K, reserved 1060864K
  class space    used 1274K, capacity 1339K, committed 1408K, reserved 1048576K
}
Event: 1116.889 GC heap before
{Heap before GC invocations=14 (full 0):
 PSYoungGen      total 20992K, used 15936K [0x00000007aab00000, 0x00000007ac480000, 0x00000007c0000000)
  eden space 15872K, 100% used [0x00000007aab00000,0x00000007aba80000,0x00000007aba80000)
  from space 5120K, 1% used [0x00000007aba80000,0x00000007aba90000,0x00000007abf80000)
  to   space 5120K, 0% used [0x00000007abf80000,0x00000007abf80000,0x00000007ac480000)
 ParOldGen       total 44032K, used 4438K [0x0000000780000000, 0x0000000782b00000, 0x00000007aab00000)
  object space 44032K, 10% used [0x0000000780000000,0x00000007804559e8,0x0000000782b00000)
 Metaspace       used 12942K, capacity 13073K, committed 13440K, reserved 1060864K
  class space    used 1274K, capacity 1339K, committed 1408K, reserved 1048576K
Event: 1116.902 GC heap after
Heap after GC invocations=14 (full 0):
 PSYoungGen      total 19968K, used 64K [0x00000007aab00000, 0x00000007ac380000, 0x00000007c0000000)
  eden space 15872K, 0% used [0x00000007aab00000,0x00000007aab00000,0x00000007aba80000)
  from space 4096K, 1% used [0x00000007abf80000,0x00000007abf90000,0x00000007ac380000)
  to   space 4608K, 0% used [0x00000007aba80000,0x00000007aba80000,0x00000007abf00000)
 ParOldGen       total 44032K, used 4446K [0x0000000780000000, 0x0000000782b00000, 0x00000007aab00000)
  object space 44032K, 10% used [0x0000000780000000,0x00000007804579e8,0x0000000782b00000)
 Metaspace       used 12942K, capacity 13073K, committed 13440K, reserved 1060864K
  class space    used 1274K, capacity 1339K, committed 1408K, reserved 1048576K
}
Event: 1209.625 GC heap before
{Heap before GC invocations=15 (full 0):
 PSYoungGen      total 19968K, used 15936K [0x00000007aab00000, 0x00000007ac380000, 0x00000007c0000000)
  eden space 15872K, 100% used [0x00000007aab00000,0x00000007aba80000,0x00000007aba80000)
  from space 4096K, 1% used [0x00000007abf80000,0x00000007abf90000,0x00000007ac380000)
  to   space 4608K, 0% used [0x00000007aba80000,0x00000007aba80000,0x00000007abf00000)
 ParOldGen       total 44032K, used 4446K [0x0000000780000000, 0x0000000782b00000, 0x00000007aab00000)
  object space 44032K, 10% used [0x0000000780000000,0x00000007804579e8,0x0000000782b00000)
 Metaspace       used 12953K, capacity 13073K, committed 13440K, reserved 1060864K
  class space    used 1274K, capacity 1339K, committed 1408K, reserved 1048576K
Event: 1209.626 GC heap after
Heap after GC invocations=15 (full 0):
 PSYoungGen      total 20480K, used 96K [0x00000007aab00000, 0x00000007ac380000, 0x00000007c0000000)
  eden space 15872K, 0% used [0x00000007aab00000,0x00000007aab00000,0x00000007aba80000)
  from space 4608K, 2% used [0x00000007aba80000,0x00000007aba98000,0x00000007abf00000)
  to   space 4608K, 0% used [0x00000007abf00000,0x00000007abf00000,0x00000007ac380000)
 ParOldGen       total 44032K, used 4454K [0x0000000780000000, 0x0000000782b00000, 0x00000007aab00000)
  object space 44032K, 10% used [0x0000000780000000,0x00000007804599e8,0x0000000782b00000)
 Metaspace       used 12953K, capacity 13073K, committed 13440K, reserved 1060864K
  class space    used 1274K, capacity 1339K, committed 1408K, reserved 1048576K
}
Event: 1293.964 GC heap before
{Heap before GC invocations=16 (full 0):
 PSYoungGen      total 20480K, used 15968K [0x00000007aab00000, 0x00000007ac380000, 0x00000007c0000000)
  eden space 15872K, 100% used [0x00000007aab00000,0x00000007aba80000,0x00000007aba80000)
  from space 4608K, 2% used [0x00000007aba80000,0x00000007aba98000,0x00000007abf00000)
  to   space 4608K, 0% used [0x00000007abf00000,0x00000007abf00000,0x00000007ac380000)
 ParOldGen       total 44032K, used 4454K [0x0000000780000000, 0x0000000782b00000, 0x00000007aab00000)
  object space 44032K, 10% used [0x0000000780000000,0x00000007804599e8,0x0000000782b00000)
 Metaspace       used 12992K, capacity 13201K, committed 13440K, reserved 1060864K
  class space    used 1274K, capacity 1339K, committed 1408K, reserved 1048576K
Event: 1293.969 GC heap after
Heap after GC invocations=16 (full 0):
 PSYoungGen      total 20480K, used 284K [0x00000007aab00000, 0x00000007ac380000, 0x00000007c0000000)
  eden space 15872K, 0% used [0x00000007aab00000,0x00000007aab00000,0x00000007aba80000)
  from space 4608K, 6% used [0x00000007abf00000,0x00000007abf47120,0x00000007ac380000)
  to   space 4608K, 0% used [0x00000007aba80000,0x00000007aba80000,0x00000007abf00000)
 ParOldGen       total 44032K, used 4470K [0x0000000780000000, 0x0000000782b00000, 0x00000007aab00000)
  object space 44032K, 10% used [0x0000000780000000,0x000000078045d9e8,0x0000000782b00000)
 Metaspace       used 12992K, capacity 13201K, committed 13440K, reserved 1060864K
  class space    used 1274K, capacity 1339K, committed 1408K, reserved 1048576K
}

Deoptimization events (10 events):
Event: 1291.834 Thread 0x00007fe34095f000 Uncommon trap: reason=unstable_if action=reinterpret pc=0x0000000111c08920 method=com.badlogic.gdx.graphics.g2d.BitmapFontCache.requirePageGlyphs(II)V @ 65
Event: 1291.835 Thread 0x00007fe34095f000 Uncommon trap: reason=class_check action=maybe_recompile pc=0x0000000111c15294 method=com.badlogic.gdx.graphics.g2d.BitmapFontCache.draw(Lcom/badlogic/gdx/graphics/g2d/Batch;)V @ 46
Event: 1291.835 Thread 0x00007fe34095f000 Uncommon trap: reason=class_check action=maybe_recompile pc=0x0000000111c15294 method=com.badlogic.gdx.graphics.g2d.BitmapFontCache.draw(Lcom/badlogic/gdx/graphics/g2d/Batch;)V @ 46
Event: 1291.835 Thread 0x00007fe34095f000 Uncommon trap: reason=class_check action=maybe_recompile pc=0x0000000111c15294 method=com.badlogic.gdx.graphics.g2d.BitmapFontCache.draw(Lcom/badlogic/gdx/graphics/g2d/Batch;)V @ 46
Event: 1291.835 Thread 0x00007fe34095f000 Uncommon trap: reason=class_check action=maybe_recompile pc=0x0000000111c15294 method=com.badlogic.gdx.graphics.g2d.BitmapFontCache.draw(Lcom/badlogic/gdx/graphics/g2d/Batch;)V @ 46
Event: 1291.836 Thread 0x00007fe34095f000 Uncommon trap: reason=unstable_if action=reinterpret pc=0x0000000111833780 method=com.badlogic.gdx.graphics.g2d.SpriteBatch.end()V @ 21
Event: 1291.867 Thread 0x00007fe34095f000 Uncommon trap: reason=class_check action=maybe_recompile pc=0x0000000111c53a90 method=com.badlogic.gdx.backends.lwjgl.LwjglInput.processEvents()V @ 113
Event: 1292.083 Thread 0x00007fe34095f000 Uncommon trap: reason=class_check action=maybe_recompile pc=0x0000000111c53168 method=com.badlogic.gdx.backends.lwjgl.LwjglInput.processEvents()V @ 328
Event: 1292.099 Thread 0x00007fe34095f000 Uncommon trap: reason=class_check action=maybe_recompile pc=0x0000000111c53168 method=com.badlogic.gdx.backends.lwjgl.LwjglInput.processEvents()V @ 328
Event: 1292.117 Thread 0x00007fe34095f000 Uncommon trap: reason=class_check action=maybe_recompile pc=0x0000000111c53168 method=com.badlogic.gdx.backends.lwjgl.LwjglInput.processEvents()V @ 328

Classes redefined (0 events):
No events

Internal exceptions (10 events):
Event: 0.908 Thread 0x00007fe340004000 Exception <a 'java/io/FileNotFoundException'> (0x00000007ab28fe58) thrown at [/Volumes/Android/buildbot/src/googleplex-android/openjdk/out/hotspot/src/share/vm/prims/jni.cpp, line 710]
Event: 0.929 Thread 0x00007fe340004000 Exception <a 'java/security/PrivilegedActionException'> (0x00000007ab3385d8) thrown at [/Volumes/Android/buildbot/src/googleplex-android/openjdk/out/hotspot/src/share/vm/prims/jvm.cpp, line 1508]
Event: 0.929 Thread 0x00007fe340004000 Exception <a 'java/security/PrivilegedActionException'> (0x00000007ab33a1c0) thrown at [/Volumes/Android/buildbot/src/googleplex-android/openjdk/out/hotspot/src/share/vm/prims/jvm.cpp, line 1508]
Event: 0.929 Thread 0x00007fe340004000 Exception <a 'java/security/PrivilegedActionException'> (0x00000007ab33b2e0) thrown at [/Volumes/Android/buildbot/src/googleplex-android/openjdk/out/hotspot/src/share/vm/prims/jvm.cpp, line 1508]
Event: 0.930 Thread 0x00007fe340004000 Exception <a 'java/security/PrivilegedActionException'> (0x00000007ab3407d8) thrown at [/Volumes/Android/buildbot/src/googleplex-android/openjdk/out/hotspot/src/share/vm/prims/jvm.cpp, line 1508]
Event: 0.930 Thread 0x00007fe340004000 Exception <a 'java/security/PrivilegedActionException'> (0x00000007ab341430) thrown at [/Volumes/Android/buildbot/src/googleplex-android/openjdk/out/hotspot/src/share/vm/prims/jvm.cpp, line 1508]
Event: 0.930 Thread 0x00007fe340004000 Exception <a 'java/security/PrivilegedActionException'> (0x00000007ab342058) thrown at [/Volumes/Android/buildbot/src/googleplex-android/openjdk/out/hotspot/src/share/vm/prims/jvm.cpp, line 1508]
Event: 6.571 Thread 0x00007fe34095f000 Exception <a 'java/lang/ArrayIndexOutOfBoundsException': 18> (0x00000007aaf1b130) thrown at [/Volumes/Android/buildbot/src/googleplex-android/openjdk/out/hotspot/src/share/vm/interpreter/interpreterRuntime.cpp, line 368]
Event: 6.571 Thread 0x00007fe34095f000 Exception <a 'java/lang/ArrayIndexOutOfBoundsException': 139> (0x00000007aaf1d8c0) thrown at [/Volumes/Android/buildbot/src/googleplex-android/openjdk/out/hotspot/src/share/vm/interpreter/interpreterRuntime.cpp, line 368]
Event: 1291.834 Thread 0x00007fe34095f000 Implicit null exception at 0x0000000111c07ee7 to 0x0000000111c088e9

Events (10 events):
Event: 1360.408 loading class sun/misc/Signal$1 done
Event: 1360.409 Thread 0x00007fe3401e8000 Thread added: 0x00007fe3401e8000
Event: 1360.409 loading class java/util/IdentityHashMap$KeySet
Event: 1360.436 loading class java/util/IdentityHashMap$KeySet done
Event: 1360.436 loading class java/util/IdentityHashMap$KeyIterator
Event: 1360.437 loading class java/util/IdentityHashMap$KeyIterator done
Event: 1360.437 Thread 0x00007fe340860800 Thread added: 0x00007fe340860800
Event: 1360.448 Thread 0x00007fe340876000 Thread added: 0x00007fe340876000
Event: 1360.448 Thread 0x00007fe340860800 Thread exited: 0x00007fe340860800
Event: 1360.450 Executing VM operation: Exit


Dynamic libraries:
0x00007fff3b124000 	/System/Library/Frameworks/Cocoa.framework/Versions/A/Cocoa
0x00007fff46e3c000 	/System/Library/Frameworks/Security.framework/Versions/A/Security
0x00007fff39db9000 	/System/Library/Frameworks/ApplicationServices.framework/Versions/A/ApplicationServices
0x00007fff66f02000 	/usr/lib/libz.1.dylib
0x00007fff6485c000 	/usr/lib/libSystem.B.dylib
0x00007fff3b90c000 	/System/Library/Frameworks/CoreFoundation.framework/Versions/A/CoreFoundation
0x00007fff3db8e000 	/System/Library/Frameworks/Foundation.framework/Versions/C/Foundation
0x00007fff66093000 	/usr/lib/libobjc.A.dylib
0x00007fff38fb2000 	/System/Library/Frameworks/AppKit.framework/Versions/C/AppKit
0x00007fff3b49f000 	/System/Library/Frameworks/CoreData.framework/Versions/A/CoreData
0x00007fff5e32f000 	/System/Library/PrivateFrameworks/RemoteViewServices.framework/Versions/A/RemoteViewServices
0x00007fff6259c000 	/System/Library/PrivateFrameworks/UIFoundation.framework/Versions/A/UIFoundation
0x00007fff63c7e000 	/System/Library/PrivateFrameworks/XCTTargetBootstrap.framework/Versions/A/XCTTargetBootstrap
0x00007fff3b824000 	/System/Library/Frameworks/CoreDisplay.framework/Versions/A/CoreDisplay
0x00007fff59082000 	/System/Library/PrivateFrameworks/IconServices.framework/Versions/A/IconServices
0x00007fff404b2000 	/System/Library/Frameworks/Metal.framework/Versions/A/Metal
0x00007fff505fd000 	/System/Library/PrivateFrameworks/DesktopServicesPriv.framework/Versions/A/DesktopServicesPriv
0x00007fff653f6000 	/usr/lib/libenergytrace.dylib
0x00007fff60a85000 	/System/Library/PrivateFrameworks/SkyLight.framework/Versions/A/SkyLight
0x00007fff3bd52000 	/System/Library/Frameworks/CoreGraphics.framework/Versions/A/CoreGraphics
0x00007fff37d7e000 	/System/Library/Frameworks/Accelerate.framework/Versions/A/Accelerate
0x00007fff3e2d6000 	/System/Library/Frameworks/IOSurface.framework/Versions/A/IOSurface
0x00007fff50469000 	/System/Library/PrivateFrameworks/DFRFoundation.framework/Versions/A/DFRFoundation
0x00007fff3a29c000 	/System/Library/Frameworks/AudioToolbox.framework/Versions/A/AudioToolbox
0x00007fff3a515000 	/System/Library/Frameworks/AudioUnit.framework/Versions/A/AudioUnit
0x00007fff504fe000 	/System/Library/PrivateFrameworks/DataDetectorsCore.framework/Versions/A/DataDetectorsCore
0x00007fff3ac28000 	/System/Library/Frameworks/Carbon.framework/Versions/A/Frameworks/HIToolbox.framework/Versions/A/HIToolbox
0x00007fff6554f000 	/usr/lib/libicucore.A.dylib
0x00007fff463b1000 	/System/Library/Frameworks/QuartzCore.framework/Versions/A/QuartzCore
0x00007fff3affc000 	/System/Library/Frameworks/Carbon.framework/Versions/A/Frameworks/SpeechRecognition.framework/Versions/A/SpeechRecognition
0x00007fff649b0000 	/usr/lib/libauto.dylib
0x00007fff66df6000 	/usr/lib/libxml2.2.dylib
0x00007fff50046000 	/System/Library/PrivateFrameworks/CoreUI.framework/Versions/A/CoreUI
0x00007fff3b38a000 	/System/Library/Frameworks/CoreAudio.framework/Versions/A/CoreAudio
0x00007fff3d9c3000 	/System/Library/Frameworks/DiskArbitration.framework/Versions/A/DiskArbitration
0x00007fff657fd000 	/usr/lib/liblangid.dylib
0x00007fff5a490000 	/System/Library/PrivateFrameworks/MultitouchSupport.framework/Versions/A/MultitouchSupport
0x00007fff3e245000 	/System/Library/Frameworks/IOKit.framework/Versions/A/IOKit
0x00007fff6441d000 	/usr/lib/libDiagnosticMessagesClient.dylib
0x00007fff3cb61000 	/System/Library/Frameworks/CoreServices.framework/Versions/A/CoreServices
0x00007fff5c137000 	/System/Library/PrivateFrameworks/PerformanceAnalysis.framework/Versions/A/PerformanceAnalysis
0x00007fff4559f000 	/System/Library/Frameworks/OpenGL.framework/Versions/A/OpenGL
0x00007fff3b132000 	/System/Library/Frameworks/ColorSync.framework/Versions/A/ColorSync
0x00007fff3c3e3000 	/System/Library/Frameworks/CoreImage.framework/Versions/A/CoreImage
0x00007fff3d53a000 	/System/Library/Frameworks/CoreText.framework/Versions/A/CoreText
0x00007fff3e339000 	/System/Library/Frameworks/ImageIO.framework/Versions/A/ImageIO
0x00007fff4c69b000 	/System/Library/PrivateFrameworks/Backup.framework/Versions/A/Backup
0x00007fff64903000 	/usr/lib/libarchive.2.dylib
0x00007fff3a86d000 	/System/Library/Frameworks/CFNetwork.framework/Versions/A/CFNetwork
0x00007fff47596000 	/System/Library/Frameworks/SystemConfiguration.framework/Versions/A/SystemConfiguration
0x00007fff6434e000 	/usr/lib/libCRFSuite.dylib
0x00007fff64a9f000 	/usr/lib/libc++.1.dylib
0x00007fff64af3000 	/usr/lib/libc++abi.dylib
0x00007fff676f8000 	/usr/lib/system/libcache.dylib
0x00007fff676fd000 	/usr/lib/system/libcommonCrypto.dylib
0x00007fff67708000 	/usr/lib/system/libcompiler_rt.dylib
0x00007fff67710000 	/usr/lib/system/libcopyfile.dylib
0x00007fff6771a000 	/usr/lib/system/libcorecrypto.dylib
0x00007fff67825000 	/usr/lib/system/libdispatch.dylib
0x00007fff6785f000 	/usr/lib/system/libdyld.dylib
0x00007fff6788c000 	/usr/lib/system/libkeymgr.dylib
0x00007fff6789a000 	/usr/lib/system/liblaunch.dylib
0x00007fff6789b000 	/usr/lib/system/libmacho.dylib
0x00007fff678a1000 	/usr/lib/system/libquarantine.dylib
0x00007fff678a4000 	/usr/lib/system/libremovefile.dylib
0x00007fff678a6000 	/usr/lib/system/libsystem_asl.dylib
0x00007fff678be000 	/usr/lib/system/libsystem_blocks.dylib
0x00007fff678bf000 	/usr/lib/system/libsystem_c.dylib
0x00007fff67947000 	/usr/lib/system/libsystem_configuration.dylib
0x00007fff6794b000 	/usr/lib/system/libsystem_coreservices.dylib
0x00007fff6794f000 	/usr/lib/system/libsystem_darwin.dylib
0x00007fff67956000 	/usr/lib/system/libsystem_dnssd.dylib
0x00007fff6795d000 	/usr/lib/system/libsystem_info.dylib
0x00007fff679d2000 	/usr/lib/system/libsystem_m.dylib
0x00007fff67a1e000 	/usr/lib/system/libsystem_malloc.dylib
0x00007fff67a49000 	/usr/lib/system/libsystem_networkextension.dylib
0x00007fff67a54000 	/usr/lib/system/libsystem_notify.dylib
0x00007fff67a71000 	/usr/lib/system/libsystem_sandbox.dylib
0x00007fff67a75000 	/usr/lib/system/libsystem_secinit.dylib
0x00007fff679a9000 	/usr/lib/system/libsystem_kernel.dylib
0x00007fff67a5c000 	/usr/lib/system/libsystem_platform.dylib
0x00007fff67a66000 	/usr/lib/system/libsystem_pthread.dylib
0x00007fff67a78000 	/usr/lib/system/libsystem_symptoms.dylib
0x00007fff67a80000 	/usr/lib/system/libsystem_trace.dylib
0x00007fff67a97000 	/usr/lib/system/libunwind.dylib
0x00007fff67a9d000 	/usr/lib/system/libxpc.dylib
0x00007fff64a80000 	/usr/lib/libbsm.0.dylib
0x00007fff6788d000 	/usr/lib/system/libkxld.dylib
0x00007fff4ba8c000 	/System/Library/PrivateFrameworks/AppleFSCompression.framework/Versions/A/AppleFSCompression
0x00007fff6471c000 	/usr/lib/libOpenScriptingUtil.dylib
0x00007fff64da8000 	/usr/lib/libcoretls.dylib
0x00007fff64dbf000 	/usr/lib/libcoretls_cfhelpers.dylib
0x00007fff6682a000 	/usr/lib/libpam.2.dylib
0x00007fff669ea000 	/usr/lib/libsqlite3.dylib
0x00007fff66de4000 	/usr/lib/libxar.1.dylib
0x00007fff64a91000 	/usr/lib/libbz2.1.0.dylib
0x00007fff657ff000 	/usr/lib/liblzma.5.dylib
0x00007fff65cb0000 	/usr/lib/libnetwork.dylib
0x00007fff648ec000 	/usr/lib/libapple_nghttp2.dylib
0x00007fff66831000 	/usr/lib/libpcap.A.dylib
0x00007fff3cf00000 	/System/Library/Frameworks/CoreServices.framework/Versions/A/Frameworks/FSEvents.framework/Versions/A/FSEvents
0x00007fff3cbdf000 	/System/Library/Frameworks/CoreServices.framework/Versions/A/Frameworks/CarbonCore.framework/Versions/A/CarbonCore
0x00007fff3d0bc000 	/System/Library/Frameworks/CoreServices.framework/Versions/A/Frameworks/Metadata.framework/Versions/A/Metadata
0x00007fff3d15b000 	/System/Library/Frameworks/CoreServices.framework/Versions/A/Frameworks/OSServices.framework/Versions/A/OSServices
0x00007fff3d1a6000 	/System/Library/Frameworks/CoreServices.framework/Versions/A/Frameworks/SearchKit.framework/Versions/A/SearchKit
0x00007fff3cb62000 	/System/Library/Frameworks/CoreServices.framework/Versions/A/Frameworks/AE.framework/Versions/A/AE
0x00007fff3cf09000 	/System/Library/Frameworks/CoreServices.framework/Versions/A/Frameworks/LaunchServices.framework/Versions/A/LaunchServices
0x00007fff3ceb7000 	/System/Library/Frameworks/CoreServices.framework/Versions/A/Frameworks/DictionaryServices.framework/Versions/A/DictionaryServices
0x00007fff3d20e000 	/System/Library/Frameworks/CoreServices.framework/Versions/A/Frameworks/SharedFileList.framework/Versions/A/SharedFileList
0x00007fff4157a000 	/System/Library/Frameworks/NetFS.framework/Versions/A/NetFS
0x00007fff5a6f6000 	/System/Library/PrivateFrameworks/NetAuth.framework/Versions/A/NetAuth
0x00007fff64082000 	/System/Library/PrivateFrameworks/login.framework/Versions/A/Frameworks/loginsupport.framework/Versions/A/loginsupport
0x00007fff621a5000 	/System/Library/PrivateFrameworks/TCC.framework/Versions/A/TCC
0x00007fff4f6a3000 	/System/Library/PrivateFrameworks/CoreNLP.framework/Versions/A/CoreNLP
0x00007fff5a189000 	/System/Library/PrivateFrameworks/MetadataUtilities.framework/Versions/A/MetadataUtilities
0x00007fff658d4000 	/usr/lib/libmecabra.dylib
0x00007fff39dba000 	/System/Library/Frameworks/ApplicationServices.framework/Versions/A/Frameworks/ATS.framework/Versions/A/ATS
0x00007fff3a109000 	/System/Library/Frameworks/ApplicationServices.framework/Versions/A/Frameworks/ColorSyncLegacy.framework/Versions/A/ColorSyncLegacy
0x00007fff3a1a8000 	/System/Library/Frameworks/ApplicationServices.framework/Versions/A/Frameworks/HIServices.framework/Versions/A/HIServices
0x00007fff3a1fb000 	/System/Library/Frameworks/ApplicationServices.framework/Versions/A/Frameworks/LangAnalysis.framework/Versions/A/LangAnalysis
0x00007fff3a20b000 	/System/Library/Frameworks/ApplicationServices.framework/Versions/A/Frameworks/PrintCore.framework/Versions/A/PrintCore
0x00007fff3a255000 	/System/Library/Frameworks/ApplicationServices.framework/Versions/A/Frameworks/QD.framework/Versions/A/QD
0x00007fff3a28f000 	/System/Library/Frameworks/ApplicationServices.framework/Versions/A/Frameworks/SpeechSynthesis.framework/Versions/A/SpeechSynthesis
0x00007fff64b1b000 	/usr/lib/libcompression.dylib
0x00007fff40782000 	/System/Library/Frameworks/MetalPerformanceShaders.framework/Versions/A/MetalPerformanceShaders
0x00007fff37d96000 	/System/Library/Frameworks/Accelerate.framework/Versions/A/Frameworks/vImage.framework/Versions/A/vImage
0x00007fff38e10000 	/System/Library/Frameworks/Accelerate.framework/Versions/A/Frameworks/vecLib.framework/Versions/A/vecLib
0x00007fff38d5c000 	/System/Library/Frameworks/Accelerate.framework/Versions/A/Frameworks/vecLib.framework/Versions/A/libvMisc.dylib
0x00007fff38b74000 	/System/Library/Frameworks/Accelerate.framework/Versions/A/Frameworks/vecLib.framework/Versions/A/libvDSP.dylib
0x00007fff38430000 	/System/Library/Frameworks/Accelerate.framework/Versions/A/Frameworks/vecLib.framework/Versions/A/libBLAS.dylib
0x00007fff3871d000 	/System/Library/Frameworks/Accelerate.framework/Versions/A/Frameworks/vecLib.framework/Versions/A/libLAPACK.dylib
0x00007fff38ac7000 	/System/Library/Frameworks/Accelerate.framework/Versions/A/Frameworks/vecLib.framework/Versions/A/libLinearAlgebra.dylib
0x00007fff38b60000 	/System/Library/Frameworks/Accelerate.framework/Versions/A/Frameworks/vecLib.framework/Versions/A/libSparseBLAS.dylib
0x00007fff38add000 	/System/Library/Frameworks/Accelerate.framework/Versions/A/Frameworks/vecLib.framework/Versions/A/libQuadrature.dylib
0x00007fff386aa000 	/System/Library/Frameworks/Accelerate.framework/Versions/A/Frameworks/vecLib.framework/Versions/A/libBNNS.dylib
0x00007fff38ae3000 	/System/Library/Frameworks/Accelerate.framework/Versions/A/Frameworks/vecLib.framework/Versions/A/libSparse.dylib
0x00007fff569e5000 	/System/Library/PrivateFrameworks/GPUWrangler.framework/Versions/A/GPUWrangler
0x00007fff58cb7000 	/System/Library/PrivateFrameworks/IOAccelerator.framework/Versions/A/IOAccelerator
0x00007fff58cc2000 	/System/Library/PrivateFrameworks/IOPresentment.framework/Versions/A/IOPresentment
0x00007fff50479000 	/System/Library/PrivateFrameworks/DSExternalDisplay.framework/Versions/A/DSExternalDisplay
0x00007fff449f6000 	/System/Library/Frameworks/OpenGL.framework/Versions/A/Libraries/libCoreFSCache.dylib
0x00007fff40576000 	/System/Library/Frameworks/MetalPerformanceShaders.framework/Frameworks/MPSCore.framework/Versions/A/MPSCore
0x00007fff40596000 	/System/Library/Frameworks/MetalPerformanceShaders.framework/Frameworks/MPSImage.framework/Versions/A/MPSImage
0x00007fff4063b000 	/System/Library/Frameworks/MetalPerformanceShaders.framework/Frameworks/MPSNeuralNetwork.framework/Versions/A/MPSNeuralNetwork
0x00007fff40613000 	/System/Library/Frameworks/MetalPerformanceShaders.framework/Frameworks/MPSMatrix.framework/Versions/A/MPSMatrix
0x00007fff40767000 	/System/Library/Frameworks/MetalPerformanceShaders.framework/Frameworks/MPSRayIntersector.framework/Versions/A/MPSRayIntersector
0x00007fff5a1b2000 	/System/Library/PrivateFrameworks/MetalTools.framework/Versions/A/MetalTools
0x00007fff4b339000 	/System/Library/PrivateFrameworks/AggregateDictionary.framework/Versions/A/AggregateDictionary
0x00007fff646fd000 	/usr/lib/libMobileGestalt.dylib
0x00007fff3d69d000 	/System/Library/Frameworks/CoreVideo.framework/Versions/A/CoreVideo
0x00007fff577f5000 	/System/Library/PrivateFrameworks/GraphVisualizer.framework/Versions/A/GraphVisualizer
0x00007fff51675000 	/System/Library/PrivateFrameworks/FaceCore.framework/Versions/A/FaceCore
0x00007fff44024000 	/System/Library/Frameworks/OpenCL.framework/Versions/A/OpenCL
0x00007fff64455000 	/usr/lib/libFosl_dynamic.dylib
0x00007fff5af61000 	/System/Library/PrivateFrameworks/OTSVG.framework/Versions/A/OTSVG
0x00007fff39ebe000 	/System/Library/Frameworks/ApplicationServices.framework/Versions/A/Frameworks/ATS.framework/Versions/A/Resources/libFontParser.dylib
0x00007fff39fd6000 	/System/Library/Frameworks/ApplicationServices.framework/Versions/A/Frameworks/ATS.framework/Versions/A/Resources/libFontRegistry.dylib
0x00007fff3e5a7000 	/System/Library/Frameworks/ImageIO.framework/Versions/A/Resources/libJPEG.dylib
0x00007fff3e8b9000 	/System/Library/Frameworks/ImageIO.framework/Versions/A/Resources/libTIFF.dylib
0x00007fff3e88f000 	/System/Library/Frameworks/ImageIO.framework/Versions/A/Resources/libPng.dylib
0x00007fff3e4c5000 	/System/Library/Frameworks/ImageIO.framework/Versions/A/Resources/libGIF.dylib
0x00007fff3e4ca000 	/System/Library/Frameworks/ImageIO.framework/Versions/A/Resources/libJP2.dylib
0x00007fff3e8b6000 	/System/Library/Frameworks/ImageIO.framework/Versions/A/Resources/libRadiance.dylib
0x00007fff4bbe3000 	/System/Library/PrivateFrameworks/AppleJPEG.framework/Versions/A/AppleJPEG
0x00007fff44a01000 	/System/Library/Frameworks/OpenGL.framework/Versions/A/Libraries/libGFXShared.dylib
0x00007fff44bc4000 	/System/Library/Frameworks/OpenGL.framework/Versions/A/Libraries/libGLU.dylib
0x00007fff44a0a000 	/System/Library/Frameworks/OpenGL.framework/Versions/A/Libraries/libGL.dylib
0x00007fff44a16000 	/System/Library/Frameworks/OpenGL.framework/Versions/A/Libraries/libGLImage.dylib
0x00007fff449f3000 	/System/Library/Frameworks/OpenGL.framework/Versions/A/Libraries/libCVMSPluginSupport.dylib
0x00007fff449fc000 	/System/Library/Frameworks/OpenGL.framework/Versions/A/Libraries/libCoreVMClient.dylib
0x00007fff6526c000 	/usr/lib/libcups.2.dylib
0x00007fff3fa7d000 	/System/Library/Frameworks/Kerberos.framework/Versions/A/Kerberos
0x00007fff3dfaa000 	/System/Library/Frameworks/GSS.framework/Versions/A/GSS
0x00007fff6697f000 	/usr/lib/libresolv.9.dylib
0x00007fff6545e000 	/usr/lib/libiconv.2.dylib
0x00007fff57954000 	/System/Library/PrivateFrameworks/Heimdal.framework/Versions/A/Heimdal
0x00007fff6542e000 	/usr/lib/libheimdal-asn1.dylib
0x00007fff44098000 	/System/Library/Frameworks/OpenDirectory.framework/Versions/A/OpenDirectory
0x00007fff4e408000 	/System/Library/PrivateFrameworks/CommonAuth.framework/Versions/A/CommonAuth
0x00007fff4407c000 	/System/Library/Frameworks/OpenDirectory.framework/Versions/A/Frameworks/CFOpenDirectory.framework/Versions/A/CFOpenDirectory
0x00007fff4713c000 	/System/Library/Frameworks/SecurityFoundation.framework/Versions/A/SecurityFoundation
0x00007fff4a882000 	/System/Library/PrivateFrameworks/APFS.framework/Versions/A/APFS
0x00007fff66de0000 	/usr/lib/libutil.dylib
0x00007fff64b09000 	/usr/lib/libcharset.1.dylib
0x00007fff4be80000 	/System/Library/PrivateFrameworks/AppleSauce.framework/Versions/A/AppleSauce
0x00007fff4c001000 	/System/Library/PrivateFrameworks/AssertionServices.framework/Versions/A/AssertionServices
0x00007fff4c731000 	/System/Library/PrivateFrameworks/BaseBoard.framework/Versions/A/BaseBoard
0x00007fff6582f000 	/usr/lib/libmecab.1.0.0.dylib
0x00007fff65428000 	/usr/lib/libgermantok.dylib
0x00007fff648d9000 	/usr/lib/libThaiTokenizer.dylib
0x00007fff64385000 	/usr/lib/libChineseTokenizer.dylib
0x00007fff59370000 	/System/Library/PrivateFrameworks/LanguageModeling.framework/Versions/A/LanguageModeling
0x00007fff4f0e9000 	/System/Library/PrivateFrameworks/CoreEmoji.framework/Versions/A/CoreEmoji
0x00007fff5944c000 	/System/Library/PrivateFrameworks/Lexicon.framework/Versions/A/Lexicon
0x00007fff5948f000 	/System/Library/PrivateFrameworks/LinguisticData.framework/Versions/A/LinguisticData
0x00007fff64b0a000 	/usr/lib/libcmph.dylib
0x00007fff471fa000 	/System/Library/Frameworks/ServiceManagement.framework/Versions/A/ServiceManagement
0x00007fff4c692000 	/System/Library/PrivateFrameworks/BackgroundTaskManagement.framework/Versions/A/BackgroundTaskManagement
0x00007fff66ed9000 	/usr/lib/libxslt.1.dylib
0x00007fff3af29000 	/System/Library/Frameworks/Carbon.framework/Versions/A/Frameworks/Ink.framework/Versions/A/Ink
0x00007fff62417000 	/System/Library/PrivateFrameworks/TextureIO.framework/Versions/A/TextureIO
0x00007fff6492d000 	/usr/lib/libate.dylib
0x00007fff503c8000 	/System/Library/PrivateFrameworks/CrashReporterSupport.framework/Versions/A/CrashReporterSupport
0x00007fff5fb56000 	/System/Library/PrivateFrameworks/Sharing.framework/Versions/A/Sharing
0x00007fff4c3e4000 	/System/Library/PrivateFrameworks/AuthKit.framework/Versions/A/AuthKit
0x00007fff4b938000 	/System/Library/PrivateFrameworks/Apple80211.framework/Versions/A/Apple80211
0x00007fff50172000 	/System/Library/PrivateFrameworks/CoreUtils.framework/Versions/A/CoreUtils
0x00007fff3d6dd000 	/System/Library/Frameworks/CoreWLAN.framework/Versions/A/CoreWLAN
0x00007fff3e0d9000 	/System/Library/Frameworks/IOBluetooth.framework/Versions/A/IOBluetooth
0x00007fff5dfd6000 	/System/Library/PrivateFrameworks/ProtocolBuffer.framework/Versions/A/ProtocolBuffer
0x00007fff5a3ec000 	/System/Library/PrivateFrameworks/MobileKeyBag.framework/Versions/A/MobileKeyBag
0x00007fff4f9b6000 	/System/Library/PrivateFrameworks/CorePhoneNumbers.framework/Versions/A/CorePhoneNumbers
0x00007fff4bb97000 	/System/Library/PrivateFrameworks/AppleIDAuthSupport.framework/Versions/A/AppleIDAuthSupport
0x00007fff59343000 	/System/Library/PrivateFrameworks/KeychainCircle.framework/Versions/A/KeychainCircle
0x00007fff5e18c000 	/System/Library/PrivateFrameworks/ROCKit.framework/Versions/A/ROCKit
0x00007fff50364000 	/System/Library/PrivateFrameworks/CoreWiFi.framework/Versions/A/CoreWiFi
0x00007fff3b474000 	/System/Library/Frameworks/CoreBluetooth.framework/Versions/A/CoreBluetooth
0x00007fff505bf000 	/System/Library/PrivateFrameworks/DebugSymbols.framework/Versions/A/DebugSymbols
0x00007fff4ff32000 	/System/Library/PrivateFrameworks/CoreSymbolication.framework/Versions/A/CoreSymbolication
0x00007fff61c32000 	/System/Library/PrivateFrameworks/Symbolication.framework/Versions/A/Symbolication
0x00007fff614d5000 	/System/Library/PrivateFrameworks/SpeechRecognitionCore.framework/Versions/A/SpeechRecognitionCore
0x000000010c9f4000 	/Applications/Android Studio.app/Contents/jre/jdk/Contents/Home/jre/lib/server/libjvm.dylib
0x00007fff66cbb000 	/usr/lib/libstdc++.6.dylib
0x000000010d86b000 	/Applications/Android Studio.app/Contents/jre/jdk/Contents/Home/jre/lib/libverify.dylib
0x000000010d878000 	/Applications/Android Studio.app/Contents/jre/jdk/Contents/Home/jre/lib/libjava.dylib
0x000000010d8be000 	/Applications/Android Studio.app/Contents/jre/jdk/Contents/Home/jre/lib/libinstrument.dylib
0x000000010d962000 	/Applications/Android Studio.app/Contents/jre/jdk/Contents/Home/jre/lib/libzip.dylib
0x0000000121797000 	/Applications/Android Studio.app/Contents/jre/jdk/Contents/Home/jre/lib/libnet.dylib
0x000000012185e000 	/private/var/folders/8m/grhlrtdx0lvd28jymykx62fc0000gn/T/libgdxmaipraskalo/78f2b00f/libgdx64.dylib
0x00000001218a9000 	/Applications/Android Studio.app/Contents/jre/jdk/Contents/Home/jre/lib/libawt.dylib
0x0000000121964000 	/Applications/Android Studio.app/Contents/jre/jdk/Contents/Home/jre/lib/./libmlib_image.dylib
0x00007fff3fa66000 	/System/Library/Frameworks/JavaVM.framework/Versions/A/Frameworks/JavaNativeFoundation.framework/Versions/A/JavaNativeFoundation
0x00007fff3fa6f000 	/System/Library/Frameworks/JavaVM.framework/Versions/A/Frameworks/JavaRuntimeSupport.framework/Versions/A/JavaRuntimeSupport
0x00007fff3fa78000 	/System/Library/Frameworks/JavaVM.framework/Versions/A/JavaVM
0x00007fff59261000 	/System/Library/PrivateFrameworks/JavaLaunching.framework/Versions/A/JavaLaunching
0x00007fff3ac23000 	/System/Library/Frameworks/Carbon.framework/Versions/A/Carbon
0x00007fff3ac24000 	/System/Library/Frameworks/Carbon.framework/Versions/A/Frameworks/CommonPanels.framework/Versions/A/CommonPanels
0x00007fff3af1f000 	/System/Library/Frameworks/Carbon.framework/Versions/A/Frameworks/Help.framework/Versions/A/Help
0x00007fff3af23000 	/System/Library/Frameworks/Carbon.framework/Versions/A/Frameworks/ImageCapture.framework/Versions/A/ImageCapture
0x00007fff3afbf000 	/System/Library/Frameworks/Carbon.framework/Versions/A/Frameworks/OpenScripting.framework/Versions/A/OpenScripting
0x00007fff3aff7000 	/System/Library/Frameworks/Carbon.framework/Versions/A/Frameworks/Print.framework/Versions/A/Print
0x00007fff3aff9000 	/System/Library/Frameworks/Carbon.framework/Versions/A/Frameworks/SecurityHI.framework/Versions/A/SecurityHI
0x0000000121a2a000 	/Applications/Android Studio.app/Contents/jre/jdk/Contents/Home/jre/lib/libawt_lwawt.dylib
0x0000000121b1b000 	/Applications/Android Studio.app/Contents/jre/jdk/Contents/Home/jre/lib/./libosxapp.dylib
0x00007fff3db67000 	/System/Library/Frameworks/ExceptionHandling.framework/Versions/A/ExceptionHandling
0x00007fff4fb3a000 	/System/Library/PrivateFrameworks/CoreServicesInternal.framework/Versions/A/CoreServicesInternal
0x00007fff30121000 	/System/Library/CoreServices/RawCamera.bundle/Contents/MacOS/RawCamera
0x00007fff5a255000 	/System/Library/PrivateFrameworks/MobileAsset.framework/Versions/A/MobileAsset
0x00007fff61b80000 	/System/Library/PrivateFrameworks/StreamingZip.framework/Versions/A/StreamingZip
0x00007fff3fe0a000 	/System/Library/Frameworks/MediaToolbox.framework/Versions/A/MediaToolbox
0x00007fff4ec8e000 	/System/Library/PrivateFrameworks/CoreAVCHD.framework/Versions/A/CoreAVCHD
0x00007fff3fd50000 	/System/Library/Frameworks/MediaAccessibility.framework/Versions/A/MediaAccessibility
0x00007fff59cb2000 	/System/Library/PrivateFrameworks/Mangrove.framework/Versions/A/Mangrove
0x00007fff3ca00000 	/System/Library/Frameworks/CoreMedia.framework/Versions/A/CoreMedia
0x00007fff47862000 	/System/Library/Frameworks/VideoToolbox.framework/Versions/A/VideoToolbox
0x00007fff4e8aa000 	/System/Library/PrivateFrameworks/CoreAUC.framework/Versions/A/CoreAUC
0x00007fff669e8000 	/usr/lib/libspindump.dylib
0x00007fff4bf66000 	/System/Library/PrivateFrameworks/AppleVA.framework/Versions/A/AppleVA
0x00007fff37d7f000 	/System/Library/Frameworks/Accelerate.framework/Versions/A/Frameworks/vImage.framework/Versions/A/Libraries/libCGInterfaces.dylib
0x00007fff3a072000 	/System/Library/Frameworks/ApplicationServices.framework/Versions/A/Frameworks/ATS.framework/Versions/A/Resources/libTrueTypeScaler.dylib
0x00007fff340da000 	/System/Library/Extensions/AppleIntelHD5000GraphicsMTLDriver.bundle/Contents/MacOS/AppleIntelHD5000GraphicsMTLDriver
0x00007fff55344000 	/System/Library/PrivateFrameworks/GPUCompiler.framework/Versions/3902/Libraries/libmetal_timestamp.dylib
0x00007fff633ce000 	/System/Library/PrivateFrameworks/ViewBridge.framework/Versions/A/ViewBridge
0x00000001260b9000 	/Applications/Android Studio.app/Contents/jre/jdk/Contents/Home/jre/lib/libfontmanager.dylib
0x00000001261dd000 	/Applications/Android Studio.app/Contents/jre/jdk/Contents/Home/jre/lib/./libfreetype.dylib.6
0x00000001262d8000 	/private/var/folders/8m/grhlrtdx0lvd28jymykx62fc0000gn/T/libgdxmaipraskalo/f7649394/liblwjgl.dylib
0x000000012485a000 	/Applications/Android Studio.app/Contents/jre/jdk/Contents/Home/jre/lib/libjawt.dylib
0x000000012635a000 	/var/folders/8m/grhlrtdx0lvd28jymykx62fc0000gn/T/libgdxmaipraskalo/f7649394/openal.dylib
0x00000001263b6000 	/System/Library/Components/CoreAudio.component/Contents/MacOS/CoreAudio
0x00000001265e7000 	/System/Library/Extensions/AppleHDA.kext/Contents/PlugIns/AppleHDAHALPlugIn.bundle/Contents/MacOS/AppleHDAHALPlugIn
0x00007fff455af000 	/System/Library/Frameworks/OpenGL.framework/Versions/A/Resources/GLEngine.bundle/GLEngine
0x00007fff44a51000 	/System/Library/Frameworks/OpenGL.framework/Versions/A/Libraries/libGLProgrammability.dylib
0x00007fff33bc7000 	/System/Library/Extensions/AppleIntelHD5000GraphicsGLDriver.bundle/Contents/MacOS/AppleIntelHD5000GraphicsGLDriver
0x00007fff569d9000 	/System/Library/PrivateFrameworks/GPUSupport.framework/Versions/A/Libraries/libGPUSupportMercury.dylib
0x00007fff45747000 	/System/Library/Frameworks/OpenGL.framework/Versions/A/Resources/GLRendererFloat.bundle/GLRendererFloat
0x00007fff4401b000 	/System/Library/Frameworks/OpenCL.framework/Versions/A/Libraries/libcldcpuengine.dylib
0x00007fff64f5e000 	/usr/lib/libcrypto.35.dylib
0x00007fff62595000 	/System/Library/PrivateFrameworks/TrustEvaluationAgent.framework/Versions/A/TrustEvaluationAgent
0x000000012581e000 	/usr/lib/libobjc-trampolines.dylib
0x0000000127114000 	/private/var/folders/8m/grhlrtdx0lvd28jymykx62fc0000gn/T/libgdxmaipraskalo/832b711e/libgdx-freetype64.dylib
0x0000000125aab000 	/Applications/Android Studio.app/Contents/jre/jdk/Contents/Home/jre/lib/libnio.dylib
0x00007fff64085000 	/System/Library/PrivateFrameworks/login.framework/Versions/A/login

VM Arguments:
jvm_args: -javaagent:/Applications/Android Studio.app/Contents/lib/idea_rt.jar=50182:/Applications/Android Studio.app/Contents/bin -Dfile.encoding=UTF-8 
java_command: com.mygdx.game.desktop.DesktopLauncher
java_class_path (initial): /Applications/Android Studio.app/Contents/jre/jdk/Contents/Home/jre/lib/charsets.jar:/Applications/Android Studio.app/Contents/jre/jdk/Contents/Home/jre/lib/ext/cldrdata.jar:/Applications/Android Studio.app/Contents/jre/jdk/Contents/Home/jre/lib/ext/dnsns.jar:/Applications/Android Studio.app/Contents/jre/jdk/Contents/Home/jre/lib/ext/jaccess.jar:/Applications/Android Studio.app/Contents/jre/jdk/Contents/Home/jre/lib/ext/localedata.jar:/Applications/Android Studio.app/Contents/jre/jdk/Contents/Home/jre/lib/ext/nashorn.jar:/Applications/Android Studio.app/Contents/jre/jdk/Contents/Home/jre/lib/ext/sunec.jar:/Applications/Android Studio.app/Contents/jre/jdk/Contents/Home/jre/lib/ext/sunjce_provider.jar:/Applications/Android Studio.app/Contents/jre/jdk/Contents/Home/jre/lib/ext/sunpkcs11.jar:/Applications/Android Studio.app/Contents/jre/jdk/Contents/Home/jre/lib/ext/zipfs.jar:/Applications/Android Studio.app/Contents/jre/jdk/Contents/Home/jre/lib/jce.jar:/Applications/Android Studio.app/Contents/jre/jdk/Contents/Home/jre/lib/jsse.jar:/Applications/Android Studio.app/Contents/jre/jdk/Contents/Home/jre/lib/management-agent.jar:/Applications/Android Studio.app/Contents/jre/jdk/Contents/Home/jre/lib/resources.jar:/Applications/Android Studio.app/Contents/jre/jdk/Contents/Home/jre/lib/rt.jar:/Applications/Android Studio.app/Contents/jre/jdk/Contents/Home/lib/dt.jar:/Applications/Android Studio.app/Contents/jre/jdk/Contents/Home/lib/jconsole.jar:/Applications/Android Studio.app/Contents/jre/jdk/Contents/Home/lib/sa-jdi.jar:/Applications/Android Studio.app/Contents/jre/jdk/Contents/Home/lib/tools.jar:/Users/maipraskalo/Desktop/projektna-igra/desktop/build/classes/java/main:/Users/maipraskalo/Desktop/projektna-igra/desktop/build/resources/main:/Users/maipraskalo/Desktop/projektna-igra/core/build/classes/java/main:/Users/maipraskalo/.gradle/caches/modules-2/files-2.1/com.badlogicgames.gdx/gdx-freetype/1.9.10/8853e4f08589a9feb4b851187909cfde8810e491/g
Launcher Type: SUN_STANDARD

Environment Variables:
PATH=//anaconda3/bin://anaconda3/condabin:/Users/maipraskalo/.npm-global/bin:/usr/bin:/bin:/usr/sbin:/sbin:/usr/local/bin:/usr/local/share/dotnet:~/.dotnet/tools:/Library/Frameworks/Mono.framework/Versions/Current/Commands:/Applications/Wireshark.app/Contents/MacOS
SHELL=/bin/bash

Signal Handlers:
SIGSEGV: [libjvm.dylib+0x55bff5], sa_mask[0]=11111111011111110111111111111111, sa_flags=SA_ONSTACK|SA_RESTART|SA_SIGINFO
SIGBUS: [libjvm.dylib+0x55bff5], sa_mask[0]=11111111011111110111111111111111, sa_flags=SA_RESTART|SA_SIGINFO
SIGFPE: [libjvm.dylib+0x453a89], sa_mask[0]=11111111011111110111111111111111, sa_flags=SA_RESTART|SA_SIGINFO
SIGPIPE: [libjvm.dylib+0x453a89], sa_mask[0]=11111111011111110111111111111111, sa_flags=SA_RESTART|SA_SIGINFO
SIGXFSZ: [libjvm.dylib+0x453a89], sa_mask[0]=11111111011111110111111111111111, sa_flags=SA_RESTART|SA_SIGINFO
SIGILL: [libjvm.dylib+0x453a89], sa_mask[0]=11111111011111110111111111111111, sa_flags=SA_RESTART|SA_SIGINFO
SIGUSR1: SIG_DFL, sa_mask[0]=00000000000000000000000000000000, sa_flags=none
SIGUSR2: [libjvm.dylib+0x454390], sa_mask[0]=00100000000000000000000000000000, sa_flags=SA_RESTART|SA_SIGINFO
SIGHUP: [libjvm.dylib+0x4525a3], sa_mask[0]=11111111011111110111111111111111, sa_flags=SA_RESTART|SA_SIGINFO